[INFO ] [2023-02-27 10:49:04,537] Pre condition: Open Browser: chromeand navigate to url:https://www.saucedemo.com/
[INFO ] [2023-02-27 10:49:07,766] Login to System
[INFO ] [2023-02-27 10:49:08,422] Pre condition: Open Browser: chromeand navigate to url:https://www.saucedemo.com/
[INFO ] [2023-02-27 10:49:10,160] Pre condition: Open Browser: chromeand navigate to url:https://www.saucedemo.com/
[INFO ] [2023-02-27 10:49:11,936] Login to System
[INFO ] [2023-02-27 10:49:12,574] Pre condition: Open Browser: chromeand navigate to url:https://www.saucedemo.com/
[INFO ] [2023-02-27 10:49:14,488] Login to System
[INFO ] [2023-02-27 10:49:15,248] Select sort from drop down with Name (A to Z)
[INFO ] [2023-02-27 10:49:15,248] Send key to User Name field
[INFO ] [2023-02-27 10:49:15,411] Compare the name after sort is equal
[INFO ] [2023-02-27 10:49:15,537] Send key to Password field
[INFO ] [2023-02-27 10:49:15,630]  -------------------------- PASSED -------------------------- 
[INFO ] [2023-02-27 10:49:15,632] Select sort from drop down with Name (Z to A)
[INFO ] [2023-02-27 10:49:15,749] Click to Login button
[INFO ] [2023-02-27 10:49:15,806] Compare the name after sort is equal
[INFO ] [2023-02-27 10:49:15,887]  -------------------------- PASSED -------------------------- 
[INFO ] [2023-02-27 10:49:15,889] CLick to item Sauce Labs Backpack
[INFO ] [2023-02-27 10:49:15,905] Verify login success through home page title
[INFO ] [2023-02-27 10:49:15,948]  -------------------------- PASSED -------------------------- 
[INFO ] [2023-02-27 10:49:15,949] Step 1: Add item Sauce Labs Backpack to cart
[INFO ] [2023-02-27 10:49:16,011] Is quantity increase to 1
[INFO ] [2023-02-27 10:49:16,098]  -------------------------- PASSED -------------------------- 
[INFO ] [2023-02-27 10:49:16,548] Select sort from drop down with Price (high to low)
[INFO ] [2023-02-27 10:49:16,550] Send key to User Name field
[INFO ] [2023-02-27 10:49:16,723] Compare the price after sort is equal
[INFO ] [2023-02-27 10:49:16,757] Send key to Password field
[INFO ] [2023-02-27 10:49:16,850]  -------------------------- PASSED -------------------------- 
[INFO ] [2023-02-27 10:49:16,850] Select sort from drop down with Price (high to low)
[INFO ] [2023-02-27 10:49:16,923] Click to Login button
[INFO ] [2023-02-27 10:49:16,974] Compare the price after sort is equal
[INFO ] [2023-02-27 10:49:17,014] Verify error message when input Invalid username and valid password
[INFO ] [2023-02-27 10:49:17,036]  -------------------------- PASSED -------------------------- 
[INFO ] [2023-02-27 10:49:17,037] CLick to second item Sauce Labs Bike Light
[INFO ] [2023-02-27 10:49:17,057]  -------------------------- PASSED -------------------------- 
[INFO ] [2023-02-27 10:49:17,209] CLick to third item Sauce Labs Bolt T-Shirt
[INFO ] [2023-02-27 10:49:17,328] Is quantity increase to 3
[INFO ] [2023-02-27 10:49:17,381]  -------------------------- PASSED -------------------------- 
[INFO ] [2023-02-27 10:49:17,382] Send key to User Name field
[INFO ] [2023-02-27 10:49:17,382] Remove all selected item added to cart
[INFO ] [2023-02-27 10:49:17,609] Send key to Password field
[INFO ] [2023-02-27 10:49:17,779] Click to Login button
[INFO ] [2023-02-27 10:49:17,797] Is Cart Quantity displayed
[INFO ] [2023-02-27 10:49:17,893] Verify error message when input Valid username and Invalid password
[INFO ] [2023-02-27 10:49:17,912]  -------------------------- PASSED -------------------------- 
[INFO ] [2023-02-27 10:49:27,837]  -------------------------- PASSED -------------------------- 
[INFO ] [2023-02-27 10:49:27,838] Send key to User Name field
[INFO ] [2023-02-27 10:49:27,984] Send key to Password field
[INFO ] [2023-02-27 10:49:28,124] Click to Login button
[INFO ] [2023-02-27 10:49:28,295] Verify login success through home page title
[INFO ] [2023-02-27 10:49:28,333]  -------------------------- PASSED -------------------------- 
[INFO ] [2023-02-27 10:49:28,335] Close
[INFO ] [2023-02-27 10:51:17,953] Pre condition: Open Browser: chromeand navigate to url:https://www.saucedemo.com/
[INFO ] [2023-02-27 10:51:20,906] Login to System
[INFO ] [2023-02-27 10:51:21,471] Pre condition: Open Browser: chromeand navigate to url:https://www.saucedemo.com/
[INFO ] [2023-02-27 10:51:23,333] Pre condition: Open Browser: chromeand navigate to url:https://www.saucedemo.com/
[INFO ] [2023-02-27 10:51:25,118] Login to System
[INFO ] [2023-02-27 10:51:25,766] Pre condition: Open Browser: chromeand navigate to url:https://www.saucedemo.com/
[INFO ] [2023-02-27 10:51:27,632] Login to System
[INFO ] [2023-02-27 10:51:28,309] Select sort from drop down with Name (A to Z)
[INFO ] [2023-02-27 10:51:28,309] Send key to User Name field
[INFO ] [2023-02-27 10:51:28,467] Compare the name after sort is equal
[INFO ] [2023-02-27 10:51:28,547] Send key to Password field
[INFO ] [2023-02-27 10:51:28,622]  -------------------------- PASSED -------------------------- 
[INFO ] [2023-02-27 10:51:28,623] Select sort from drop down with Name (Z to A)
[INFO ] [2023-02-27 10:51:28,736] Click to Login button
[INFO ] [2023-02-27 10:51:28,765] Compare the name after sort is equal
[INFO ] [2023-02-27 10:51:28,820]  -------------------------- PASSED -------------------------- 
[INFO ] [2023-02-27 10:51:28,822] CLick to item Sauce Labs Backpack
[INFO ] [2023-02-27 10:51:28,880] Verify login success through home page title
[INFO ] [2023-02-27 10:51:28,918]  -------------------------- PASSED -------------------------- 
[INFO ] [2023-02-27 10:51:28,919] Step 1: Add item Sauce Labs Backpack to cart
[INFO ] [2023-02-27 10:51:28,946] Is quantity increase to 1
[INFO ] [2023-02-27 10:51:29,046]  Step 2: Click to Cart button
[INFO ] [2023-02-27 10:51:29,704] Is Your Card page displayed
[INFO ] [2023-02-27 10:51:29,788]  -------------------------- PASSED -------------------------- 
[INFO ] [2023-02-27 10:51:29,788] Check selected item is displayed in cart
[INFO ] [2023-02-27 10:51:40,243] Select sort from drop down with Price (high to low)
[INFO ] [2023-02-27 10:51:40,244] Send key to User Name field
[INFO ] [2023-02-27 10:51:40,426] Send key to Password field
[INFO ] [2023-02-27 10:51:40,586] Click to Login button
[INFO ] [2023-02-27 10:51:40,680] Verify error message when input Invalid username and valid password
[INFO ] [2023-02-27 10:51:40,707]  -------------------------- PASSED -------------------------- 
[INFO ] [2023-02-27 10:51:40,709] CLick to second item Sauce Labs Bike Light
[INFO ] [2023-02-27 10:52:00,556] Send key to User Name field
[INFO ] [2023-02-27 10:52:00,558] Remove all selected item added to cart
[INFO ] [2023-02-27 10:52:00,737] Send key to Password field
[INFO ] [2023-02-27 10:52:00,888] Click to Login button
[INFO ] [2023-02-27 10:52:00,987] Verify error message when input Valid username and Invalid password
[INFO ] [2023-02-27 10:52:01,065]  -------------------------- PASSED -------------------------- 
[INFO ] [2023-02-27 10:52:10,781] Send key to User Name field
[INFO ] [2023-02-27 10:52:10,930] Send key to Password field
[INFO ] [2023-02-27 10:52:11,071] Click to Login button
[INFO ] [2023-02-27 10:52:11,202] Verify login success through home page title
[INFO ] [2023-02-27 10:52:11,240]  -------------------------- PASSED -------------------------- 
[INFO ] [2023-02-27 10:52:11,241] Close
[INFO ] [2023-02-27 10:52:47,754] Pre condition: Open Browser: chromeand navigate to url:https://www.saucedemo.com/
[INFO ] [2023-02-27 10:52:50,588] Login to System
[INFO ] [2023-02-27 10:52:51,119] Pre condition: Open Browser: chromeand navigate to url:https://www.saucedemo.com/
[INFO ] [2023-02-27 10:52:52,799] Pre condition: Open Browser: chromeand navigate to url:https://www.saucedemo.com/
[INFO ] [2023-02-27 10:52:54,754] Login to System
[INFO ] [2023-02-27 10:52:55,376] Pre condition: Open Browser: chromeand navigate to url:https://www.saucedemo.com/
[INFO ] [2023-02-27 10:52:57,158] Login to System
[INFO ] [2023-02-27 10:52:57,829] Send key to User Name field
[INFO ] [2023-02-27 10:52:58,037] Send key to Password field
[INFO ] [2023-02-27 10:52:58,195] Click to Login button
[INFO ] [2023-02-27 10:52:58,319] Verify login success through home page title
[INFO ] [2023-02-27 10:52:58,345]  -------------------------- PASSED -------------------------- 
[INFO ] [2023-02-27 10:52:58,348] Select sort from drop down with Name (A to Z)
[INFO ] [2023-02-27 10:52:58,473] Compare the name after sort is equal
[INFO ] [2023-02-27 10:52:58,619]  -------------------------- PASSED -------------------------- 
[INFO ] [2023-02-27 10:52:58,619] Select sort from drop down with Name (Z to A)
[INFO ] [2023-02-27 10:52:58,780] Compare the name after sort is equal
[INFO ] [2023-02-27 10:52:58,846]  -------------------------- PASSED -------------------------- 
[INFO ] [2023-02-27 10:52:58,847] CLick to item Sauce Labs Backpack
[INFO ] [2023-02-27 10:52:58,931] Is quantity increase to 1
[INFO ] [2023-02-27 10:52:59,006]  -------------------------- PASSED -------------------------- 
[INFO ] [2023-02-27 10:52:59,007] Step 1: Add item Sauce Labs Backpack to cart
[INFO ] [2023-02-27 10:52:59,101]  Step 2: Click to Cart button
[INFO ] [2023-02-27 10:52:59,210] Is Your Card page displayed
[INFO ] [2023-02-27 10:52:59,285]  -------------------------- PASSED -------------------------- 
[INFO ] [2023-02-27 10:52:59,285] Check selected item is displayed in cart
[INFO ] [2023-02-27 10:53:09,829] Close
[INFO ] [2023-02-27 10:54:17,261] Pre condition: Open Browser: chromeand navigate to url:https://www.saucedemo.com/
[INFO ] [2023-02-27 10:54:19,868] Login to System
[INFO ] [2023-02-27 10:54:20,512] Pre condition: Open Browser: chromeand navigate to url:https://www.saucedemo.com/
[INFO ] [2023-02-27 10:54:22,289] Pre condition: Open Browser: chromeand navigate to url:https://www.saucedemo.com/
[INFO ] [2023-02-27 10:54:24,162] Login to System
[INFO ] [2023-02-27 10:54:24,738] Pre condition: Open Browser: chromeand navigate to url:https://www.saucedemo.com/
[INFO ] [2023-02-27 10:54:26,721] Login to System
[INFO ] [2023-02-27 10:54:27,362] Send key to User Name field
[INFO ] [2023-02-27 10:54:27,614] Send key to Password field
[INFO ] [2023-02-27 10:54:27,805] Click to Login button
[INFO ] [2023-02-27 10:54:27,933] Verify login success through home page title
[INFO ] [2023-02-27 10:54:27,978]  -------------------------- PASSED -------------------------- 
[INFO ] [2023-02-27 10:54:27,981] Select sort from drop down with Name (A to Z)
[INFO ] [2023-02-27 10:54:28,095] Compare the name after sort is equal
[INFO ] [2023-02-27 10:54:28,270]  -------------------------- PASSED -------------------------- 
[INFO ] [2023-02-27 10:54:28,270] Select sort from drop down with Name (Z to A)
[INFO ] [2023-02-27 10:54:28,441] Compare the name after sort is equal
[INFO ] [2023-02-27 10:54:28,498]  -------------------------- PASSED -------------------------- 
[INFO ] [2023-02-27 10:54:28,499] CLick to item Sauce Labs Backpack
[INFO ] [2023-02-27 10:54:28,615] Is quantity increase to 1
[INFO ] [2023-02-27 10:54:28,687]  -------------------------- PASSED -------------------------- 
[INFO ] [2023-02-27 10:54:28,688] Step 1: Add item Sauce Labs Backpack to cart
[INFO ] [2023-02-27 10:54:28,774]  Step 2: Click to Cart button
[INFO ] [2023-02-27 10:54:28,877] Is Your Card page displayed
[INFO ] [2023-02-27 10:54:28,955]  -------------------------- PASSED -------------------------- 
[INFO ] [2023-02-27 10:54:28,955] Check selected item is displayed in cart
[INFO ] [2023-02-27 10:54:39,322] Close
[INFO ] [2023-02-27 10:56:08,382] Pre condition: Open Browser: chromeand navigate to url:https://www.saucedemo.com/
[INFO ] [2023-02-27 10:56:12,102] Login to System
[INFO ] [2023-02-27 10:56:12,935] Pre condition: Open Browser: chromeand navigate to url:https://www.saucedemo.com/
[INFO ] [2023-02-27 10:56:14,869] Pre condition: Open Browser: chromeand navigate to url:https://www.saucedemo.com/
[INFO ] [2023-02-27 10:56:16,871] Login to System
[INFO ] [2023-02-27 10:56:17,705] Pre condition: Open Browser: chromeand navigate to url:https://www.saucedemo.com/
[INFO ] [2023-02-27 10:56:19,930] Login to System
[INFO ] [2023-02-27 10:56:20,771] Send key to User Name field
[INFO ] [2023-02-27 10:56:21,112] Send key to Password field
[INFO ] [2023-02-27 10:56:21,351] Click to Login button
[INFO ] [2023-02-27 10:56:21,501] Verify login success through home page title
[INFO ] [2023-02-27 10:56:21,548]  -------------------------- PASSED -------------------------- 
[INFO ] [2023-02-27 10:56:21,551] Select sort from drop down with Name (A to Z)
[INFO ] [2023-02-27 10:56:21,681] Compare the name after sort is equal
[INFO ] [2023-02-27 10:56:21,860]  -------------------------- PASSED -------------------------- 
[INFO ] [2023-02-27 10:56:21,860] Select sort from drop down with Name (Z to A)
[INFO ] [2023-02-27 10:56:22,089] Compare the name after sort is equal
[INFO ] [2023-02-27 10:56:22,194]  -------------------------- PASSED -------------------------- 
[INFO ] [2023-02-27 10:56:22,195] CLick to item Sauce Labs Backpack
[INFO ] [2023-02-27 10:56:22,344] Is quantity increase to 1
[INFO ] [2023-02-27 10:56:22,463]  -------------------------- PASSED -------------------------- 
[INFO ] [2023-02-27 10:56:22,465] Step 1: Add item Sauce Labs Backpack to cart
[INFO ] [2023-02-27 10:56:22,581]  Step 2: Click to Cart button
[INFO ] [2023-02-27 10:56:22,728] Is Your Card page displayed
[INFO ] [2023-02-27 10:56:22,904]  -------------------------- PASSED -------------------------- 
[INFO ] [2023-02-27 10:56:22,905] Check selected item is displayed in cart
[INFO ] [2023-02-27 10:56:43,894] Close
[INFO ] [2023-02-27 10:59:44,649] Pre condition: Open Browser: chromeand navigate to url:https://www.saucedemo.com/
[INFO ] [2023-02-27 10:59:48,027] Login to System
[INFO ] [2023-02-27 10:59:48,761] Pre condition: Open Browser: chromeand navigate to url:https://www.saucedemo.com/
[INFO ] [2023-02-27 10:59:50,662] Pre condition: Open Browser: chromeand navigate to url:https://www.saucedemo.com/
[INFO ] [2023-02-27 10:59:52,596] Login to System
[INFO ] [2023-02-27 10:59:53,303] Pre condition: Open Browser: chromeand navigate to url:https://www.saucedemo.com/
[INFO ] [2023-02-27 10:59:55,394] Login to System
[INFO ] [2023-02-27 10:59:56,076] Send key to User Name field
[INFO ] [2023-02-27 10:59:56,337] Send key to Password field
[INFO ] [2023-02-27 10:59:56,543] Click to Login button
[INFO ] [2023-02-27 10:59:56,698] Verify login success through home page title
[INFO ] [2023-02-27 10:59:56,743]  -------------------------- PASSED -------------------------- 
[INFO ] [2023-02-27 10:59:56,746] Select sort from drop down with Name (A to Z)
[INFO ] [2023-02-27 10:59:56,870] Compare the name after sort is equal
[INFO ] [2023-02-27 10:59:57,034]  -------------------------- PASSED -------------------------- 
[INFO ] [2023-02-27 10:59:57,034] Select sort from drop down with Name (Z to A)
[INFO ] [2023-02-27 10:59:57,219] Compare the name after sort is equal
[INFO ] [2023-02-27 10:59:57,301]  -------------------------- PASSED -------------------------- 
[INFO ] [2023-02-27 10:59:57,302] CLick to item Sauce Labs Backpack
[INFO ] [2023-02-27 10:59:57,444] Is quantity increase to 1
[INFO ] [2023-02-27 10:59:57,531]  -------------------------- PASSED -------------------------- 
[INFO ] [2023-02-27 10:59:57,532] Step 1: Add item Sauce Labs Backpack to cart
[INFO ] [2023-02-27 10:59:57,638]  Step 2: Click to Cart button
[INFO ] [2023-02-27 10:59:57,759] Is Your Card page displayed
[INFO ] [2023-02-27 10:59:57,857]  -------------------------- PASSED -------------------------- 
[INFO ] [2023-02-27 10:59:57,857] Check selected item is displayed in cart
[INFO ] [2023-02-27 11:00:19,055] Close
[INFO ] [2023-02-27 11:00:21,226] Close
[INFO ] [2023-02-27 11:00:49,885] Pre condition: Open Browser: chromeand navigate to url:https://www.saucedemo.com/
[INFO ] [2023-02-27 11:00:53,656] Login to System
[INFO ] [2023-02-27 11:00:54,437] Step 1: Add item Sauce Labs Backpack to cart
[INFO ] [2023-02-27 11:00:54,746]  Step 2: Click to Cart button
[INFO ] [2023-02-27 11:00:54,858] Is Your Card page displayed
[INFO ] [2023-02-27 11:00:54,918]  -------------------------- PASSED -------------------------- 
[INFO ] [2023-02-27 11:00:54,918] Check selected item is displayed in cart
[INFO ] [2023-02-27 11:00:54,978]  -------------------------- PASSED -------------------------- 
[INFO ] [2023-02-27 11:00:54,978] Step 3: Click Checkout button
[INFO ] [2023-02-27 11:00:55,086] Is checkout step 1 displayed
[INFO ] [2023-02-27 11:00:55,142]  -------------------------- PASSED -------------------------- 
[INFO ] [2023-02-27 11:00:55,142] Step 4: Input check out information
[INFO ] [2023-02-27 11:00:55,640] Step 5: Click Continue button
[INFO ] [2023-02-27 11:00:55,778] Is checkout step 2 displayed
[INFO ] [2023-02-27 11:00:55,832]  -------------------------- PASSED -------------------------- 
[INFO ] [2023-02-27 11:00:55,832] Step 6: Click Finish button
[INFO ] [2023-02-27 11:00:55,948] Is checkout Complete page displayed
[INFO ] [2023-02-27 11:00:56,008]  -------------------------- PASSED -------------------------- 
[INFO ] [2023-02-27 11:00:56,010] Close
[INFO ] [2023-02-27 11:01:13,894] Pre condition: Open Browser: chromeand navigate to url:https://www.saucedemo.com/
[INFO ] [2023-02-27 11:01:17,294] Login to System
[INFO ] [2023-02-27 11:01:18,185] Pre condition: Open Browser: chromeand navigate to url:https://www.saucedemo.com/
[INFO ] [2023-02-27 11:01:20,153] Pre condition: Open Browser: chromeand navigate to url:https://www.saucedemo.com/
[INFO ] [2023-02-27 11:01:22,344] Login to System
[INFO ] [2023-02-27 11:01:22,995] Pre condition: Open Browser: chromeand navigate to url:https://www.saucedemo.com/
[INFO ] [2023-02-27 11:01:25,372] Login to System
[INFO ] [2023-02-27 11:01:26,174] Step 1: Add item Sauce Labs Backpack to cart
[INFO ] [2023-02-27 11:01:26,456]  Step 2: Click to Cart button
[INFO ] [2023-02-27 11:01:26,690] Is Your Card page displayed
[INFO ] [2023-02-27 11:01:26,799]  -------------------------- PASSED -------------------------- 
[INFO ] [2023-02-27 11:01:26,799] Check selected item is displayed in cart
[INFO ] [2023-02-27 11:01:26,904]  -------------------------- PASSED -------------------------- 
[INFO ] [2023-02-27 11:01:26,904] Step 3: Click Checkout button
[INFO ] [2023-02-27 11:01:27,068] Is checkout step 1 displayed
[INFO ] [2023-02-27 11:01:27,141]  -------------------------- PASSED -------------------------- 
[INFO ] [2023-02-27 11:01:27,141] Step 4: Input check out information
[INFO ] [2023-02-27 11:02:36,322] Pre condition: Open Browser: chromeand navigate to url:https://www.saucedemo.com/
[INFO ] [2023-02-27 11:02:39,571] Login to System
[INFO ] [2023-02-27 11:02:40,250] Pre condition: Open Browser: chromeand navigate to url:https://www.saucedemo.com/
[INFO ] [2023-02-27 11:02:42,211] Pre condition: Open Browser: chromeand navigate to url:https://www.saucedemo.com/
[INFO ] [2023-02-27 11:02:44,274] Login to System
[INFO ] [2023-02-27 11:02:44,971] Pre condition: Open Browser: chromeand navigate to url:https://www.saucedemo.com/
[INFO ] [2023-02-27 11:02:47,113] Login to System
[INFO ] [2023-02-27 11:02:47,984] Step 1: Add item Sauce Labs Backpack to cart
[INFO ] [2023-02-27 11:02:48,168]  Step 2: Click to Cart button
[INFO ] [2023-02-27 11:02:48,357] Is Your Card page displayed
[INFO ] [2023-02-27 11:02:48,458]  -------------------------- PASSED -------------------------- 
[INFO ] [2023-02-27 11:02:48,458] Check selected item is displayed in cart
[INFO ] [2023-02-27 11:02:48,569]  -------------------------- PASSED -------------------------- 
[INFO ] [2023-02-27 11:02:48,569] Step 3: Click Checkout button
[INFO ] [2023-02-27 11:02:48,738] Is checkout step 1 displayed
[INFO ] [2023-02-27 11:02:48,850]  -------------------------- PASSED -------------------------- 
[INFO ] [2023-02-27 11:02:48,851] Step 4: Input check out information
[INFO ] [2023-02-27 11:03:10,099] Close
[INFO ] [2023-02-27 11:03:12,310] Send key to User Name field
[INFO ] [2023-02-27 11:03:12,501] Send key to Password field
[INFO ] [2023-02-27 11:03:12,666] Click to Login button
[INFO ] [2023-02-27 11:03:12,772] Verify login success through home page title
[INFO ] [2023-02-27 11:03:12,801]  -------------------------- PASSED -------------------------- 
[INFO ] [2023-02-27 11:03:12,802] Select sort from drop down with Name (A to Z)
[INFO ] [2023-02-27 11:03:33,750] CLick to item Sauce Labs Backpack
[INFO ] [2023-02-27 11:06:51,162] Pre condition: Open Browser: chromeand navigate to url:https://www.saucedemo.com/
[INFO ] [2023-02-27 11:06:54,260] Send key to User Name field
[INFO ] [2023-02-27 11:06:54,549] Send key to Password field
[INFO ] [2023-02-27 11:06:54,708] Click to Login button
[INFO ] [2023-02-27 11:06:54,842] Verify login success through home page title
[INFO ] [2023-02-27 11:06:54,881]  -------------------------- PASSED -------------------------- 
[INFO ] [2023-02-27 11:06:54,883] Send key to User Name field
[INFO ] [2023-02-27 11:06:55,052] Send key to Password field
[INFO ] [2023-02-27 11:06:55,206] Click to Login button
[INFO ] [2023-02-27 11:06:55,302] Verify error message when input Invalid username and valid password
[INFO ] [2023-02-27 11:06:55,328]  -------------------------- PASSED -------------------------- 
[INFO ] [2023-02-27 11:06:55,328] Send key to User Name field
[INFO ] [2023-02-27 11:06:55,490] Send key to Password field
[INFO ] [2023-02-27 11:06:55,644] Click to Login button
[INFO ] [2023-02-27 11:06:55,749] Verify error message when input Valid username and Invalid password
[INFO ] [2023-02-27 11:06:55,768]  -------------------------- PASSED -------------------------- 
[INFO ] [2023-02-27 11:06:55,769] Send key to User Name field
[INFO ] [2023-02-27 11:06:55,929] Send key to Password field
[INFO ] [2023-02-27 11:06:56,081] Click to Login button
[INFO ] [2023-02-27 11:06:56,269] Verify login success through home page title
[INFO ] [2023-02-27 11:06:56,314]  -------------------------- PASSED -------------------------- 
[INFO ] [2023-02-27 11:06:56,315] Close
[INFO ] [2023-02-27 11:06:58,492] Close
[INFO ] [2023-02-27 11:06:58,523] Pre condition: Open Browser: chromeand navigate to url:https://www.saucedemo.com/
[INFO ] [2023-02-27 11:07:00,337] Login to System
[INFO ] [2023-02-27 11:07:00,896] Select sort from drop down with Name (A to Z)
[INFO ] [2023-02-27 11:07:01,510] Select sort from drop down with Price (high to low)
[INFO ] [2023-02-27 11:07:01,915] Close
[INFO ] [2023-02-27 11:07:04,079] Pre condition: Open Browser: chromeand navigate to url:https://www.saucedemo.com/
[INFO ] [2023-02-27 11:07:06,177] Login to System
[INFO ] [2023-02-27 11:07:06,777] CLick to item Sauce Labs Backpack
[INFO ] [2023-02-27 11:07:07,506] CLick to second item Sauce Labs Bike Light
[INFO ] [2023-02-27 11:07:07,944] Remove all selected item added to cart
[INFO ] [2023-02-27 11:07:08,396] Close
[INFO ] [2023-02-27 11:07:10,545] Pre condition: Open Browser: chromeand navigate to url:https://www.saucedemo.com/
[INFO ] [2023-02-27 11:07:12,400] Login to System
[INFO ] [2023-02-27 11:07:13,001] Step 1: Add item Sauce Labs Backpack to cart
[INFO ] [2023-02-27 11:07:13,691] Close
[INFO ] [2023-02-27 11:08:15,267] Pre condition: Open Browser: chromeand navigate to url:https://www.saucedemo.com/
[INFO ] [2023-02-27 11:08:18,374] Send key to User Name field
[INFO ] [2023-02-27 11:08:18,718] Send key to Password field
[INFO ] [2023-02-27 11:08:18,938] Click to Login button
[INFO ] [2023-02-27 11:08:19,078] Verify login success through home page title
[INFO ] [2023-02-27 11:08:19,112]  -------------------------- PASSED -------------------------- 
[INFO ] [2023-02-27 11:08:19,115] Send key to User Name field
[INFO ] [2023-02-27 11:08:19,266] Send key to Password field
[INFO ] [2023-02-27 11:08:19,416] Click to Login button
[INFO ] [2023-02-27 11:08:19,499] Verify error message when input Invalid username and valid password
[INFO ] [2023-02-27 11:08:19,521]  -------------------------- PASSED -------------------------- 
[INFO ] [2023-02-27 11:08:19,522] Send key to User Name field
[INFO ] [2023-02-27 11:08:19,681] Send key to Password field
[INFO ] [2023-02-27 11:08:19,831] Click to Login button
[INFO ] [2023-02-27 11:08:19,919] Verify error message when input Valid username and Invalid password
[INFO ] [2023-02-27 11:08:19,942]  -------------------------- PASSED -------------------------- 
[INFO ] [2023-02-27 11:08:19,943] Send key to User Name field
[INFO ] [2023-02-27 11:08:20,102] Send key to Password field
[INFO ] [2023-02-27 11:08:20,260] Click to Login button
[INFO ] [2023-02-27 11:08:20,417] Verify login success through home page title
[INFO ] [2023-02-27 11:08:20,462]  -------------------------- PASSED -------------------------- 
[INFO ] [2023-02-27 11:08:21,137] Pre condition: Open Browser: chromeand navigate to url:https://www.saucedemo.com/
[INFO ] [2023-02-27 11:08:22,911] Login to System
[INFO ] [2023-02-27 11:08:23,504] Select sort from drop down with Name (A to Z)
[INFO ] [2023-02-27 11:08:24,116] Select sort from drop down with Price (high to low)
[INFO ] [2023-02-27 11:08:24,474] Pre condition: Open Browser: chromeand navigate to url:https://www.saucedemo.com/
[INFO ] [2023-02-27 11:08:26,342] Login to System
[INFO ] [2023-02-27 11:08:26,986] CLick to item Sauce Labs Backpack
[INFO ] [2023-02-27 11:08:27,697] CLick to second item Sauce Labs Bike Light
[INFO ] [2023-02-27 11:08:28,228] Remove all selected item added to cart
[INFO ] [2023-02-27 11:08:28,654] Pre condition: Open Browser: chromeand navigate to url:https://www.saucedemo.com/
[INFO ] [2023-02-27 11:08:30,641] Login to System
[INFO ] [2023-02-27 11:08:31,425] Step 1: Add item Sauce Labs Backpack to cart
[INFO ] [2023-02-27 11:09:25,653] Pre condition: Open Browser: chromeand navigate to url:https://www.saucedemo.com/
[INFO ] [2023-02-27 11:09:28,607] Send key to User Name field
[INFO ] [2023-02-27 11:09:28,861] Send key to Password field
[INFO ] [2023-02-27 11:09:29,036] Click to Login button
[INFO ] [2023-02-27 11:09:29,160] Verify login success through home page title
[INFO ] [2023-02-27 11:09:29,192]  -------------------------- PASSED -------------------------- 
[INFO ] [2023-02-27 11:09:29,195] Send key to User Name field
[INFO ] [2023-02-27 11:09:29,350] Send key to Password field
[INFO ] [2023-02-27 11:09:29,496] Click to Login button
[INFO ] [2023-02-27 11:09:29,576] Verify error message when input Invalid username and valid password
[INFO ] [2023-02-27 11:09:29,602]  -------------------------- PASSED -------------------------- 
[INFO ] [2023-02-27 11:09:29,603] Send key to User Name field
[INFO ] [2023-02-27 11:09:29,763] Send key to Password field
[INFO ] [2023-02-27 11:09:29,913] Click to Login button
[INFO ] [2023-02-27 11:09:30,006] Verify error message when input Valid username and Invalid password
[INFO ] [2023-02-27 11:09:30,028]  -------------------------- PASSED -------------------------- 
[INFO ] [2023-02-27 11:09:30,029] Send key to User Name field
[INFO ] [2023-02-27 11:09:30,191] Send key to Password field
[INFO ] [2023-02-27 11:09:30,353] Click to Login button
[INFO ] [2023-02-27 11:09:30,524] Verify login success through home page title
[INFO ] [2023-02-27 11:09:30,583]  -------------------------- PASSED -------------------------- 
[INFO ] [2023-02-27 11:09:30,775] Pre condition: Open Browser: chromeand navigate to url:https://www.saucedemo.com/
[INFO ] [2023-02-27 11:09:32,551] Login to System
[INFO ] [2023-02-27 11:09:33,200] Select sort from drop down with Name (A to Z)
[INFO ] [2023-02-27 11:09:33,798] Select sort from drop down with Price (high to low)
[INFO ] [2023-02-27 11:09:34,201] Pre condition: Open Browser: chromeand navigate to url:https://www.saucedemo.com/
[INFO ] [2023-02-27 11:09:36,083] Login to System
[INFO ] [2023-02-27 11:09:36,736] CLick to item Sauce Labs Backpack
[INFO ] [2023-02-27 11:09:37,402] CLick to second item Sauce Labs Bike Light
[INFO ] [2023-02-27 11:09:37,855] Remove all selected item added to cart
[INFO ] [2023-02-27 11:09:38,277] Pre condition: Open Browser: chromeand navigate to url:https://www.saucedemo.com/
[INFO ] [2023-02-27 11:09:40,280] Login to System
[INFO ] [2023-02-27 11:09:41,056] Step 1: Add item Sauce Labs Backpack to cart
[INFO ] [2023-02-27 11:13:04,795] Pre condition: Open Browser: chromeand navigate to url:https://www.saucedemo.com/
[INFO ] [2023-02-27 11:13:07,975] Send key to User Name field
[INFO ] [2023-02-27 11:13:08,304] Send key to Password field
[INFO ] [2023-02-27 11:13:08,482] Click to Login button
[INFO ] [2023-02-27 11:13:08,625] Verify login success through home page title
[INFO ] [2023-02-27 11:13:08,661]  -------------------------- PASSED -------------------------- 
[INFO ] [2023-02-27 11:13:08,664] Send key to User Name field
[INFO ] [2023-02-27 11:13:08,821] Send key to Password field
[INFO ] [2023-02-27 11:13:08,991] Click to Login button
[INFO ] [2023-02-27 11:13:09,088] Verify error message when input Invalid username and valid password
[INFO ] [2023-02-27 11:13:09,122]  -------------------------- PASSED -------------------------- 
[INFO ] [2023-02-27 11:13:09,123] Send key to User Name field
[INFO ] [2023-02-27 11:13:09,284] Send key to Password field
[INFO ] [2023-02-27 11:13:09,433] Click to Login button
[INFO ] [2023-02-27 11:13:09,522] Verify error message when input Valid username and Invalid password
[INFO ] [2023-02-27 11:13:09,543]  -------------------------- PASSED -------------------------- 
[INFO ] [2023-02-27 11:13:09,544] Send key to User Name field
[INFO ] [2023-02-27 11:13:09,709] Send key to Password field
[INFO ] [2023-02-27 11:13:09,864] Click to Login button
[INFO ] [2023-02-27 11:13:10,029] Verify login success through home page title
[INFO ] [2023-02-27 11:13:10,081]  -------------------------- PASSED -------------------------- 
[INFO ] [2023-02-27 11:13:10,083] Pre condition: Open Browser: chromeand navigate to url:https://www.saucedemo.com/
[INFO ] [2023-02-27 11:13:12,024] Login to System
[INFO ] [2023-02-27 11:13:12,637] Select sort from drop down with Name (A to Z)
[INFO ] [2023-02-27 11:13:12,796] Compare the name after sort is equal
[INFO ] [2023-02-27 11:13:12,964]  -------------------------- PASSED -------------------------- 
[INFO ] [2023-02-27 11:13:12,964] Select sort from drop down with Name (Z to A)
[INFO ] [2023-02-27 11:13:13,112] Compare the name after sort is equal
[INFO ] [2023-02-27 11:13:13,184]  -------------------------- PASSED -------------------------- 
[INFO ] [2023-02-27 11:13:13,185] Select sort from drop down with Price (high to low)
[INFO ] [2023-02-27 11:13:13,348] Compare the price after sort is equal
[INFO ] [2023-02-27 11:13:13,457]  -------------------------- PASSED -------------------------- 
[INFO ] [2023-02-27 11:13:13,457] Select sort from drop down with Price (high to low)
[INFO ] [2023-02-27 11:13:13,570] Compare the price after sort is equal
[INFO ] [2023-02-27 11:13:13,632]  -------------------------- PASSED -------------------------- 
[INFO ] [2023-02-27 11:13:13,632] Pre condition: Open Browser: chromeand navigate to url:https://www.saucedemo.com/
[INFO ] [2023-02-27 11:13:15,652] Login to System
[INFO ] [2023-02-27 11:13:16,417] CLick to item Sauce Labs Backpack
[INFO ] [2023-02-27 11:13:16,605] Is quantity increase to 1
[INFO ] [2023-02-27 11:13:16,713]  -------------------------- PASSED -------------------------- 
[INFO ] [2023-02-27 11:13:16,713] CLick to second item Sauce Labs Bike Light
[INFO ] [2023-02-27 11:13:16,877] CLick to third item Sauce Labs Bolt T-Shirt
[INFO ] [2023-02-27 11:13:16,987] Is quantity increase to 3
[INFO ] [2023-02-27 11:13:17,039]  -------------------------- PASSED -------------------------- 
[INFO ] [2023-02-27 11:13:17,040] Remove all selected item added to cart
[INFO ] [2023-02-27 11:13:17,332] Is Cart Quantity displayed
[INFO ] [2023-02-27 11:13:27,347]  -------------------------- PASSED -------------------------- 
[INFO ] [2023-02-27 11:13:27,347] Pre condition: Open Browser: chromeand navigate to url:https://www.saucedemo.com/
[INFO ] [2023-02-27 11:13:29,256] Login to System
[INFO ] [2023-02-27 11:13:29,980] Step 1: Add item Sauce Labs Backpack to cart
[INFO ] [2023-02-27 11:13:30,214]  Step 2: Click to Cart button
[INFO ] [2023-02-27 11:13:30,556] Is Your Card page displayed
[INFO ] [2023-02-27 11:13:30,673]  -------------------------- PASSED -------------------------- 
[INFO ] [2023-02-27 11:13:30,673] Check selected item is displayed in cart
[INFO ] [2023-02-27 11:13:30,750]  -------------------------- PASSED -------------------------- 
[INFO ] [2023-02-27 11:13:30,750] Step 3: Click Checkout button
[INFO ] [2023-02-27 11:13:30,869] Is checkout step 1 displayed
[INFO ] [2023-02-27 11:13:30,931]  -------------------------- PASSED -------------------------- 
[INFO ] [2023-02-27 11:13:30,931] Step 4: Input check out information
[INFO ] [2023-02-27 11:17:25,218] Pre condition: Open Browser: chromeand navigate to url:https://www.saucedemo.com/
[INFO ] [2023-02-27 11:17:28,381] Send key to User Name field
[INFO ] [2023-02-27 11:17:28,766] Send key to Password field
[INFO ] [2023-02-27 11:17:28,951] Click to Login button
[INFO ] [2023-02-27 11:17:29,091] Verify login success through home page title
[INFO ] [2023-02-27 11:17:29,125]  -------------------------- PASSED -------------------------- 
[INFO ] [2023-02-27 11:17:29,127] Send key to User Name field
[INFO ] [2023-02-27 11:17:29,279] Send key to Password field
[INFO ] [2023-02-27 11:17:29,426] Click to Login button
[INFO ] [2023-02-27 11:17:29,514] Verify error message when input Invalid username and valid password
[INFO ] [2023-02-27 11:17:29,538]  -------------------------- PASSED -------------------------- 
[INFO ] [2023-02-27 11:17:29,539] Send key to User Name field
[INFO ] [2023-02-27 11:17:29,701] Send key to Password field
[INFO ] [2023-02-27 11:17:29,846] Click to Login button
[INFO ] [2023-02-27 11:17:29,921] Verify error message when input Valid username and Invalid password
[INFO ] [2023-02-27 11:17:29,944]  -------------------------- PASSED -------------------------- 
[INFO ] [2023-02-27 11:17:29,944] Send key to User Name field
[INFO ] [2023-02-27 11:17:30,103] Send key to Password field
[INFO ] [2023-02-27 11:17:30,255] Click to Login button
[INFO ] [2023-02-27 11:17:30,420] Verify login success through home page title
[INFO ] [2023-02-27 11:17:30,458]  -------------------------- PASSED -------------------------- 
[INFO ] [2023-02-27 11:17:31,177] Pre condition: Open Browser: chromeand navigate to url:https://www.saucedemo.com/
[INFO ] [2023-02-27 11:17:32,923] Login to System
[INFO ] [2023-02-27 11:17:33,556] Select sort from drop down with Name (A to Z)
[INFO ] [2023-02-27 11:17:34,221] Select sort from drop down with Price (high to low)
[INFO ] [2023-02-27 11:17:34,590] Pre condition: Open Browser: chromeand navigate to url:https://www.saucedemo.com/
[INFO ] [2023-02-27 11:17:36,373] Login to System
[INFO ] [2023-02-27 11:17:37,112] CLick to item Sauce Labs Backpack
[INFO ] [2023-02-27 11:17:37,830] CLick to second item Sauce Labs Bike Light
[INFO ] [2023-02-27 11:17:38,417] Remove all selected item added to cart
[INFO ] [2023-02-27 11:17:38,963] Pre condition: Open Browser: chromeand navigate to url:https://www.saucedemo.com/
[INFO ] [2023-02-27 11:17:41,157] Login to System
[INFO ] [2023-02-27 11:17:42,033] Step 1: Add item Sauce Labs Backpack to cart
[INFO ] [2023-02-27 11:20:10,410] Pre condition: Open Browser: chromeand navigate to url:https://www.saucedemo.com/
[INFO ] [2023-02-27 11:20:13,552] Send key to User Name field
[INFO ] [2023-02-27 11:20:13,993] Send key to Password field
[INFO ] [2023-02-27 11:20:14,225] Click to Login button
[INFO ] [2023-02-27 11:20:14,361] Verify login success through home page title
[INFO ] [2023-02-27 11:20:14,395]  -------------------------- PASSED -------------------------- 
[INFO ] [2023-02-27 11:20:14,398] Send key to User Name field
[INFO ] [2023-02-27 11:20:14,544] Send key to Password field
[INFO ] [2023-02-27 11:20:14,710] Click to Login button
[INFO ] [2023-02-27 11:20:14,803] Verify error message when input Invalid username and valid password
[INFO ] [2023-02-27 11:20:14,827]  -------------------------- PASSED -------------------------- 
[INFO ] [2023-02-27 11:20:14,829] Send key to User Name field
[INFO ] [2023-02-27 11:20:14,987] Send key to Password field
[INFO ] [2023-02-27 11:20:15,137] Click to Login button
[INFO ] [2023-02-27 11:20:15,246] Verify error message when input Valid username and Invalid password
[INFO ] [2023-02-27 11:20:15,276]  -------------------------- PASSED -------------------------- 
[INFO ] [2023-02-27 11:20:15,277] Send key to User Name field
[INFO ] [2023-02-27 11:20:15,445] Send key to Password field
[INFO ] [2023-02-27 11:20:15,594] Click to Login button
[INFO ] [2023-02-27 11:20:15,763] Verify login success through home page title
[INFO ] [2023-02-27 11:20:15,813]  -------------------------- PASSED -------------------------- 
[INFO ] [2023-02-27 11:20:16,528] Pre condition: Open Browser: chromeand navigate to url:https://www.saucedemo.com/
[INFO ] [2023-02-27 11:20:18,375] Login to System
[INFO ] [2023-02-27 11:20:19,001] Select sort from drop down with Name (A to Z)
[INFO ] [2023-02-27 11:20:19,628] Select sort from drop down with Price (high to low)
[INFO ] [2023-02-27 11:20:20,019] Pre condition: Open Browser: chromeand navigate to url:https://www.saucedemo.com/
[INFO ] [2023-02-27 11:20:21,951] Login to System
[INFO ] [2023-02-27 11:20:22,731] CLick to item Sauce Labs Backpack
[INFO ] [2023-02-27 11:20:23,555] CLick to second item Sauce Labs Bike Light
[INFO ] [2023-02-27 11:20:24,131] Remove all selected item added to cart
[INFO ] [2023-02-27 11:20:24,573] Pre condition: Open Browser: chromeand navigate to url:https://www.saucedemo.com/
[INFO ] [2023-02-27 11:20:26,736] Login to System
[INFO ] [2023-02-27 11:20:27,446] Step 1: Add item Sauce Labs Backpack to cart
[INFO ] [2023-02-27 11:20:47,737] Pre condition: Open Browser: chromeand navigate to url:https://www.saucedemo.com/
[INFO ] [2023-02-27 11:20:51,709] Send key to User Name field
[INFO ] [2023-02-27 11:20:51,986] Send key to Password field
[INFO ] [2023-02-27 11:20:52,154] Click to Login button
[INFO ] [2023-02-27 11:20:52,266] Verify login success through home page title
[INFO ] [2023-02-27 11:20:52,294]  -------------------------- PASSED -------------------------- 
[INFO ] [2023-02-27 11:20:52,297] Send key to User Name field
[INFO ] [2023-02-27 11:20:52,468] Send key to Password field
[INFO ] [2023-02-27 11:20:52,660] Click to Login button
[INFO ] [2023-02-27 11:20:52,746] Verify error message when input Invalid username and valid password
[INFO ] [2023-02-27 11:20:52,768]  -------------------------- PASSED -------------------------- 
[INFO ] [2023-02-27 11:20:52,769] Send key to User Name field
[INFO ] [2023-02-27 11:20:52,935] Send key to Password field
[INFO ] [2023-02-27 11:20:53,093] Click to Login button
[INFO ] [2023-02-27 11:20:53,179] Verify error message when input Valid username and Invalid password
[INFO ] [2023-02-27 11:20:53,201]  -------------------------- PASSED -------------------------- 
[INFO ] [2023-02-27 11:20:53,202] Send key to User Name field
[INFO ] [2023-02-27 11:20:53,365] Send key to Password field
[INFO ] [2023-02-27 11:20:53,521] Click to Login button
[INFO ] [2023-02-27 11:20:53,677] Verify login success through home page title
[INFO ] [2023-02-27 11:20:53,720]  -------------------------- PASSED -------------------------- 
[INFO ] [2023-02-27 11:20:54,439] Pre condition: Open Browser: chromeand navigate to url:https://www.saucedemo.com/
[INFO ] [2023-02-27 11:20:56,692] Login to System
[INFO ] [2023-02-27 11:20:57,300] Select sort from drop down with Name (A to Z)
[INFO ] [2023-02-27 11:20:57,939] Select sort from drop down with Price (high to low)
[INFO ] [2023-02-27 11:20:58,279] Pre condition: Open Browser: chromeand navigate to url:https://www.saucedemo.com/
[INFO ] [2023-02-27 11:21:00,064] Login to System
[INFO ] [2023-02-27 11:21:00,696] CLick to item Sauce Labs Backpack
[INFO ] [2023-02-27 11:21:01,415] CLick to second item Sauce Labs Bike Light
[INFO ] [2023-02-27 11:21:01,943] Remove all selected item added to cart
[INFO ] [2023-02-27 11:21:02,426] Pre condition: Open Browser: chromeand navigate to url:https://www.saucedemo.com/
[INFO ] [2023-02-27 11:21:04,791] Login to System
[INFO ] [2023-02-27 11:21:05,624] Step 1: Add item Sauce Labs Backpack to cart
[INFO ] [2023-02-27 11:21:30,563] Pre condition: Open Browser: chromeand navigate to url:https://www.saucedemo.com/
[INFO ] [2023-02-27 11:21:33,776] Send key to User Name field
[INFO ] [2023-02-27 11:21:34,045] Send key to Password field
[INFO ] [2023-02-27 11:21:34,229] Click to Login button
[INFO ] [2023-02-27 11:21:34,364] Verify login success through home page title
[INFO ] [2023-02-27 11:21:34,401]  -------------------------- PASSED -------------------------- 
[INFO ] [2023-02-27 11:21:34,403] Send key to User Name field
[INFO ] [2023-02-27 11:21:34,543] Send key to Password field
[INFO ] [2023-02-27 11:21:34,692] Click to Login button
[INFO ] [2023-02-27 11:21:34,792] Verify error message when input Invalid username and valid password
[INFO ] [2023-02-27 11:21:34,810]  -------------------------- PASSED -------------------------- 
[INFO ] [2023-02-27 11:21:34,811] Send key to User Name field
[INFO ] [2023-02-27 11:21:34,974] Send key to Password field
[INFO ] [2023-02-27 11:21:35,120] Click to Login button
[INFO ] [2023-02-27 11:21:35,196] Verify error message when input Valid username and Invalid password
[INFO ] [2023-02-27 11:21:35,218]  -------------------------- PASSED -------------------------- 
[INFO ] [2023-02-27 11:21:35,219] Send key to User Name field
[INFO ] [2023-02-27 11:21:35,391] Send key to Password field
[INFO ] [2023-02-27 11:21:35,580] Click to Login button
[INFO ] [2023-02-27 11:21:35,770] Verify login success through home page title
[INFO ] [2023-02-27 11:21:35,812]  -------------------------- PASSED -------------------------- 
[INFO ] [2023-02-27 11:21:36,558] Pre condition: Open Browser: chromeand navigate to url:https://www.saucedemo.com/
[INFO ] [2023-02-27 11:21:38,626] Login to System
[INFO ] [2023-02-27 11:21:39,367] Select sort from drop down with Name (A to Z)
[INFO ] [2023-02-27 11:21:40,117] Select sort from drop down with Price (high to low)
[INFO ] [2023-02-27 11:21:40,553] Pre condition: Open Browser: chromeand navigate to url:https://www.saucedemo.com/
[INFO ] [2023-02-27 11:21:42,530] Login to System
[INFO ] [2023-02-27 11:21:43,410] CLick to item Sauce Labs Backpack
[INFO ] [2023-02-27 11:21:44,192] CLick to second item Sauce Labs Bike Light
[INFO ] [2023-02-27 11:21:44,597] Remove all selected item added to cart
[INFO ] [2023-02-27 11:21:45,012] Pre condition: Open Browser: chromeand navigate to url:https://www.saucedemo.com/
[INFO ] [2023-02-27 11:21:47,380] Login to System
[INFO ] [2023-02-27 11:21:48,304] Step 1: Add item Sauce Labs Backpack to cart
[INFO ] [2023-02-27 11:22:37,698] Pre condition: Open Browser: chromeand navigate to url:https://www.saucedemo.com/
[INFO ] [2023-02-27 11:22:42,162] Send key to User Name field
[INFO ] [2023-02-27 11:22:42,476] Send key to Password field
[INFO ] [2023-02-27 11:22:42,651] Click to Login button
[INFO ] [2023-02-27 11:22:42,818] Verify login success through home page title
[INFO ] [2023-02-27 11:22:42,874]  -------------------------- PASSED -------------------------- 
[INFO ] [2023-02-27 11:22:42,877] Send key to User Name field
[INFO ] [2023-02-27 11:22:43,074] Send key to Password field
[INFO ] [2023-02-27 11:22:43,271] Click to Login button
[INFO ] [2023-02-27 11:22:43,444] Verify error message when input Invalid username and valid password
[INFO ] [2023-02-27 11:22:43,478]  -------------------------- PASSED -------------------------- 
[INFO ] [2023-02-27 11:22:43,479] Send key to User Name field
[INFO ] [2023-02-27 11:22:43,667] Send key to Password field
[INFO ] [2023-02-27 11:22:43,814] Click to Login button
[INFO ] [2023-02-27 11:22:43,902] Verify error message when input Valid username and Invalid password
[INFO ] [2023-02-27 11:22:43,922]  -------------------------- PASSED -------------------------- 
[INFO ] [2023-02-27 11:22:43,922] Send key to User Name field
[INFO ] [2023-02-27 11:22:44,087] Send key to Password field
[INFO ] [2023-02-27 11:22:44,247] Click to Login button
[INFO ] [2023-02-27 11:22:44,430] Verify login success through home page title
[INFO ] [2023-02-27 11:22:44,480]  -------------------------- PASSED -------------------------- 
[INFO ] [2023-02-27 11:22:45,141] Pre condition: Open Browser: chromeand navigate to url:https://www.saucedemo.com/
[INFO ] [2023-02-27 11:22:47,216] Login to System
[INFO ] [2023-02-27 11:22:48,056] Login to System
[INFO ] [2023-02-27 11:23:20,984] Pre condition: Open Browser: chromeand navigate to url:https://www.saucedemo.com/
[INFO ] [2023-02-27 11:23:24,135] Send key to User Name field
[INFO ] [2023-02-27 11:23:24,439] Send key to Password field
[INFO ] [2023-02-27 11:23:24,630] Click to Login button
[INFO ] [2023-02-27 11:23:24,762] Verify login success through home page title
[INFO ] [2023-02-27 11:23:24,809]  -------------------------- PASSED -------------------------- 
[INFO ] [2023-02-27 11:23:24,813] Send key to User Name field
[INFO ] [2023-02-27 11:23:24,980] Send key to Password field
[INFO ] [2023-02-27 11:23:25,154] Click to Login button
[INFO ] [2023-02-27 11:23:25,254] Verify error message when input Invalid username and valid password
[INFO ] [2023-02-27 11:23:25,275]  -------------------------- PASSED -------------------------- 
[INFO ] [2023-02-27 11:23:25,276] Send key to User Name field
[INFO ] [2023-02-27 11:23:25,441] Send key to Password field
[INFO ] [2023-02-27 11:23:25,586] Click to Login button
[INFO ] [2023-02-27 11:23:25,671] Verify error message when input Valid username and Invalid password
[INFO ] [2023-02-27 11:23:25,695]  -------------------------- PASSED -------------------------- 
[INFO ] [2023-02-27 11:23:25,696] Send key to User Name field
[INFO ] [2023-02-27 11:23:25,860] Send key to Password field
[INFO ] [2023-02-27 11:23:26,017] Click to Login button
[INFO ] [2023-02-27 11:23:26,162] Verify login success through home page title
[INFO ] [2023-02-27 11:23:26,204]  -------------------------- PASSED -------------------------- 
[INFO ] [2023-02-27 11:23:26,903] Pre condition: Open Browser: chromeand navigate to url:https://www.saucedemo.com/
[INFO ] [2023-02-27 11:23:28,767] Login to System
[INFO ] [2023-02-27 11:23:29,339] Select sort from drop down with Name (A to Z)
[INFO ] [2023-02-27 11:23:29,997] Select sort from drop down with Price (high to low)
[INFO ] [2023-02-27 12:03:57,514] Pre condition: Open Browser: chromeand navigate to url:https://www.saucedemo.com/
[INFO ] [2023-02-27 12:04:01,361] Send key to User Name field
[INFO ] [2023-02-27 12:04:01,627] Send key to Password field
[INFO ] [2023-02-27 12:04:01,830] Click to Login button
[INFO ] [2023-02-27 12:04:01,970] Verify login success through home page title
[INFO ] [2023-02-27 12:04:02,012]  -------------------------- PASSED -------------------------- 
[INFO ] [2023-02-27 12:04:02,014] Send key to User Name field
[INFO ] [2023-02-27 12:04:02,170] Send key to Password field
[INFO ] [2023-02-27 12:04:02,340] Click to Login button
[INFO ] [2023-02-27 12:04:02,432] Verify error message when input Invalid username and valid password
[INFO ] [2023-02-27 12:04:02,452]  -------------------------- PASSED -------------------------- 
[INFO ] [2023-02-27 12:04:02,453] Send key to User Name field
[INFO ] [2023-02-27 12:04:02,618] Send key to Password field
[INFO ] [2023-02-27 12:04:02,771] Click to Login button
[INFO ] [2023-02-27 12:04:02,858] Verify error message when input Valid username and Invalid password
[INFO ] [2023-02-27 12:04:02,877]  -------------------------- PASSED -------------------------- 
[INFO ] [2023-02-27 12:04:02,878] Send key to User Name field
[INFO ] [2023-02-27 12:04:03,055] Send key to Password field
[INFO ] [2023-02-27 12:04:03,213] Click to Login button
[INFO ] [2023-02-27 12:04:03,386] Verify login success through home page title
[INFO ] [2023-02-27 12:04:03,431]  -------------------------- PASSED -------------------------- 
[INFO ] [2023-02-27 12:04:04,160] Pre condition: Open Browser: chromeand navigate to url:https://www.saucedemo.com/
[INFO ] [2023-02-27 12:04:05,982] Login to System
[INFO ] [2023-02-27 12:04:06,633] Select sort from drop down with Name (A to Z)
[INFO ] [2023-02-27 12:04:07,260] Select sort from drop down with Price (high to low)
[INFO ] [2023-02-27 12:04:41,369] Pre condition: Open Browser: chromeand navigate to url:https://www.saucedemo.com/
[INFO ] [2023-02-27 12:04:44,395] Send key to User Name field
[INFO ] [2023-02-27 12:04:44,700] Send key to Password field
[INFO ] [2023-02-27 12:04:44,866] Click to Login button
[INFO ] [2023-02-27 12:04:45,002] Verify login success through home page title
[INFO ] [2023-02-27 12:04:45,038]  -------------------------- PASSED -------------------------- 
[INFO ] [2023-02-27 12:04:45,041] Send key to User Name field
[INFO ] [2023-02-27 12:04:45,198] Send key to Password field
[INFO ] [2023-02-27 12:04:45,359] Click to Login button
[INFO ] [2023-02-27 12:04:45,438] Verify error message when input Invalid username and valid password
[INFO ] [2023-02-27 12:04:45,462]  -------------------------- PASSED -------------------------- 
[INFO ] [2023-02-27 12:04:45,462] Send key to User Name field
[INFO ] [2023-02-27 12:04:45,621] Send key to Password field
[INFO ] [2023-02-27 12:04:45,765] Click to Login button
[INFO ] [2023-02-27 12:04:45,846] Verify error message when input Valid username and Invalid password
[INFO ] [2023-02-27 12:04:45,867]  -------------------------- PASSED -------------------------- 
[INFO ] [2023-02-27 12:04:45,867] Send key to User Name field
[INFO ] [2023-02-27 12:04:46,031] Send key to Password field
[INFO ] [2023-02-27 12:04:46,184] Click to Login button
[INFO ] [2023-02-27 12:04:46,331] Verify login success through home page title
[INFO ] [2023-02-27 12:04:46,368]  -------------------------- PASSED -------------------------- 
[INFO ] [2023-02-27 12:04:47,069] Pre condition: Open Browser: chromeand navigate to url:https://www.saucedemo.com/
[INFO ] [2023-02-27 12:04:49,010] Login to System
[INFO ] [2023-02-27 12:04:49,583] Select sort from drop down with Name (A to Z)
[INFO ] [2023-02-27 12:04:49,830] Compare the name after sort is equal
[INFO ] [2023-02-27 12:04:49,981]  -------------------------- PASSED -------------------------- 
[INFO ] [2023-02-27 12:04:49,981] Select sort from drop down with Name (Z to A)
[INFO ] [2023-02-27 12:04:50,116] Compare the name after sort is equal
[INFO ] [2023-02-27 12:04:50,164]  -------------------------- PASSED -------------------------- 
[INFO ] [2023-02-27 12:04:50,164] Select sort from drop down with Price (high to low)
[INFO ] [2023-02-27 12:04:50,318] Compare the price after sort is equal
[INFO ] [2023-02-27 12:04:50,417]  -------------------------- PASSED -------------------------- 
[INFO ] [2023-02-27 12:04:50,418] Select sort from drop down with Price (high to low)
[INFO ] [2023-02-27 12:04:50,530] Compare the price after sort is equal
[INFO ] [2023-02-27 12:04:50,587]  -------------------------- PASSED -------------------------- 
[INFO ] [2023-02-27 12:05:35,770] Pre condition: Open Browser: chromeand navigate to url:https://www.saucedemo.com/
[INFO ] [2023-02-27 12:05:38,935] Send key to User Name field
[INFO ] [2023-02-27 12:05:39,219] Send key to Password field
[INFO ] [2023-02-27 12:05:39,419] Click to Login button
[INFO ] [2023-02-27 12:05:39,563] Verify login success through home page title
[INFO ] [2023-02-27 12:05:39,606]  -------------------------- PASSED -------------------------- 
[INFO ] [2023-02-27 12:05:39,608] Send key to User Name field
[INFO ] [2023-02-27 12:05:39,763] Send key to Password field
[INFO ] [2023-02-27 12:05:39,927] Click to Login button
[INFO ] [2023-02-27 12:05:40,017] Verify error message when input Invalid username and valid password
[INFO ] [2023-02-27 12:05:40,038]  -------------------------- PASSED -------------------------- 
[INFO ] [2023-02-27 12:05:40,039] Send key to User Name field
[INFO ] [2023-02-27 12:05:40,202] Send key to Password field
[INFO ] [2023-02-27 12:05:40,347] Click to Login button
[INFO ] [2023-02-27 12:05:40,425] Verify error message when input Valid username and Invalid password
[INFO ] [2023-02-27 12:05:40,446]  -------------------------- PASSED -------------------------- 
[INFO ] [2023-02-27 12:05:40,447] Send key to User Name field
[INFO ] [2023-02-27 12:05:40,621] Send key to Password field
[INFO ] [2023-02-27 12:05:40,793] Click to Login button
[INFO ] [2023-02-27 12:05:40,977] Verify login success through home page title
[INFO ] [2023-02-27 12:05:41,024]  -------------------------- PASSED -------------------------- 
[INFO ] [2023-02-27 12:05:41,732] Pre condition: Open Browser: chromeand navigate to url:https://www.saucedemo.com/
[INFO ] [2023-02-27 12:05:43,523] Login to System
[INFO ] [2023-02-27 12:05:44,090] Select sort from drop down with Name (A to Z)
[INFO ] [2023-02-27 12:05:44,350] Compare the name after sort is equal
[INFO ] [2023-02-27 12:05:44,501]  -------------------------- PASSED -------------------------- 
[INFO ] [2023-02-27 12:05:44,501] Select sort from drop down with Name (Z to A)
[INFO ] [2023-02-27 12:05:44,643] Compare the name after sort is equal
[INFO ] [2023-02-27 12:05:44,694]  -------------------------- PASSED -------------------------- 
[INFO ] [2023-02-27 12:05:44,694] Select sort from drop down with Price (high to low)
[INFO ] [2023-02-27 12:05:44,845] Compare the price after sort is equal
[INFO ] [2023-02-27 12:05:44,929]  -------------------------- PASSED -------------------------- 
[INFO ] [2023-02-27 12:05:44,929] Select sort from drop down with Price (high to low)
[INFO ] [2023-02-27 12:05:45,042] Compare the price after sort is equal
[INFO ] [2023-02-27 12:05:45,105]  -------------------------- PASSED -------------------------- 
[INFO ] [2023-02-27 12:05:45,105] Pre condition: Open Browser: chromeand navigate to url:https://www.saucedemo.com/
[INFO ] [2023-02-27 12:05:47,035] Login to System
[INFO ] [2023-02-27 12:05:47,755] CLick to item Sauce Labs Backpack
[INFO ] [2023-02-27 12:05:47,947] Is quantity increase to 1
[INFO ] [2023-02-27 12:05:48,042]  -------------------------- PASSED -------------------------- 
[INFO ] [2023-02-27 12:05:48,043] CLick to second item Sauce Labs Bike Light
[INFO ] [2023-02-27 12:05:48,189] CLick to third item Sauce Labs Bolt T-Shirt
[INFO ] [2023-02-27 12:05:48,275] Is quantity increase to 3
[INFO ] [2023-02-27 12:05:48,336]  -------------------------- PASSED -------------------------- 
[INFO ] [2023-02-27 12:05:48,336] Remove all selected item added to cart
[INFO ] [2023-02-27 12:05:48,686] Is Cart Quantity displayed
[INFO ] [2023-02-27 12:05:58,754]  -------------------------- PASSED -------------------------- 
[INFO ] [2023-02-27 12:05:58,754] Pre condition: Open Browser: chromeand navigate to url:https://www.saucedemo.com/
[INFO ] [2023-02-27 12:06:01,157] Login to System
[INFO ] [2023-02-27 12:06:02,330] Step 1: Add item Sauce Labs Backpack to cart
[INFO ] [2023-02-27 12:06:02,821]  Step 2: Click to Cart button
[INFO ] [2023-02-27 12:06:02,974] Is Your Card page displayed
[INFO ] [2023-02-27 12:06:03,047]  -------------------------- PASSED -------------------------- 
[INFO ] [2023-02-27 12:06:03,047] Check selected item is displayed in cart
[INFO ] [2023-02-27 12:06:03,109]  -------------------------- PASSED -------------------------- 
[INFO ] [2023-02-27 12:06:03,109] Step 3: Click Checkout button
[INFO ] [2023-02-27 12:06:03,243] Is checkout step 1 displayed
[INFO ] [2023-02-27 12:06:03,352]  -------------------------- PASSED -------------------------- 
[INFO ] [2023-02-27 12:06:03,353] Step 4: Input check out information
[INFO ] [2023-02-27 12:06:04,001] Step 5: Click Continue button
[INFO ] [2023-02-27 12:06:04,227] Is checkout step 2 displayed
[INFO ] [2023-02-27 12:06:04,362]  -------------------------- PASSED -------------------------- 
[INFO ] [2023-02-27 12:06:04,362] Step 6: Click Finish button
[INFO ] [2023-02-27 12:06:04,504] Is checkout Complete page displayed
[INFO ] [2023-02-27 12:06:04,600]  -------------------------- PASSED -------------------------- 
[INFO ] [2023-02-27 12:06:35,599] Pre condition: Open Browser: chromeand navigate to url:https://www.saucedemo.com/
[INFO ] [2023-02-27 12:06:38,658] Send key to User Name field
[INFO ] [2023-02-27 12:06:38,986] Send key to Password field
[INFO ] [2023-02-27 12:06:39,206] Click to Login button
[INFO ] [2023-02-27 12:06:39,341] Verify login success through home page title
[INFO ] [2023-02-27 12:06:39,381]  -------------------------- PASSED -------------------------- 
[INFO ] [2023-02-27 12:06:39,384] Send key to User Name field
[INFO ] [2023-02-27 12:06:39,572] Send key to Password field
[INFO ] [2023-02-27 12:06:39,758] Click to Login button
[INFO ] [2023-02-27 12:06:39,846] Verify error message when input Invalid username and valid password
[INFO ] [2023-02-27 12:06:39,869]  -------------------------- PASSED -------------------------- 
[INFO ] [2023-02-27 12:06:39,869] Send key to User Name field
[INFO ] [2023-02-27 12:06:40,025] Send key to Password field
[INFO ] [2023-02-27 12:06:40,174] Click to Login button
[INFO ] [2023-02-27 12:06:40,269] Verify error message when input Valid username and Invalid password
[INFO ] [2023-02-27 12:06:40,291]  -------------------------- PASSED -------------------------- 
[INFO ] [2023-02-27 12:06:40,292] Send key to User Name field
[INFO ] [2023-02-27 12:06:40,464] Send key to Password field
[INFO ] [2023-02-27 12:06:40,620] Click to Login button
[INFO ] [2023-02-27 12:06:40,797] Verify login success through home page title
[INFO ] [2023-02-27 12:06:40,843]  -------------------------- PASSED -------------------------- 
[INFO ] [2023-02-27 12:06:41,546] Pre condition: Open Browser: chromeand navigate to url:https://www.saucedemo.com/
[INFO ] [2023-02-27 12:06:43,394] Login to System
[INFO ] [2023-02-27 12:06:44,001] Select sort from drop down with Name (A to Z)
[INFO ] [2023-02-27 12:06:44,135] Compare the name after sort is equal
[INFO ] [2023-02-27 12:06:44,293]  -------------------------- PASSED -------------------------- 
[INFO ] [2023-02-27 12:06:44,293] Select sort from drop down with Name (Z to A)
[INFO ] [2023-02-27 12:06:44,419] Compare the name after sort is equal
[INFO ] [2023-02-27 12:06:44,474]  -------------------------- PASSED -------------------------- 
[INFO ] [2023-02-27 12:06:44,475] Select sort from drop down with Price (high to low)
[INFO ] [2023-02-27 12:06:44,617] Compare the price after sort is equal
[INFO ] [2023-02-27 12:06:44,703]  -------------------------- PASSED -------------------------- 
[INFO ] [2023-02-27 12:06:44,704] Select sort from drop down with Price (high to low)
[INFO ] [2023-02-27 12:06:44,817] Compare the price after sort is equal
[INFO ] [2023-02-27 12:06:44,878]  -------------------------- PASSED -------------------------- 
[INFO ] [2023-02-27 12:06:45,570] Pre condition: Open Browser: chromeand navigate to url:https://www.saucedemo.com/
[INFO ] [2023-02-27 12:06:47,376] Login to System
[INFO ] [2023-02-27 12:06:47,938] CLick to item Sauce Labs Backpack
[INFO ] [2023-02-27 12:06:48,163] Is quantity increase to 1
[INFO ] [2023-02-27 12:06:48,237]  -------------------------- PASSED -------------------------- 
[INFO ] [2023-02-27 12:06:48,237] CLick to second item Sauce Labs Bike Light
[INFO ] [2023-02-27 12:06:48,330] CLick to third item Sauce Labs Bolt T-Shirt
[INFO ] [2023-02-27 12:06:48,417] Is quantity increase to 3
[INFO ] [2023-02-27 12:06:48,463]  -------------------------- PASSED -------------------------- 
[INFO ] [2023-02-27 12:06:48,463] Remove all selected item added to cart
[INFO ] [2023-02-27 12:06:48,716] Is Cart Quantity displayed
[INFO ] [2023-02-27 12:06:58,732]  -------------------------- PASSED -------------------------- 
[INFO ] [2023-02-27 12:06:59,436] Pre condition: Open Browser: chromeand navigate to url:https://www.saucedemo.com/
[INFO ] [2023-02-27 12:07:01,311] Login to System
[INFO ] [2023-02-27 12:07:01,932] Step 1: Add item Sauce Labs Backpack to cart
[INFO ] [2023-02-27 12:07:02,110]  Step 2: Click to Cart button
[INFO ] [2023-02-27 12:07:02,233] Is Your Card page displayed
[INFO ] [2023-02-27 12:07:02,318]  -------------------------- PASSED -------------------------- 
[INFO ] [2023-02-27 12:07:02,319] Check selected item is displayed in cart
[INFO ] [2023-02-27 12:07:02,393]  -------------------------- PASSED -------------------------- 
[INFO ] [2023-02-27 12:07:02,393] Step 3: Click Checkout button
[INFO ] [2023-02-27 12:07:02,502] Is checkout step 1 displayed
[INFO ] [2023-02-27 12:07:02,563]  -------------------------- PASSED -------------------------- 
[INFO ] [2023-02-27 12:07:02,563] Step 4: Input check out information
[INFO ] [2023-02-27 12:07:03,019] Step 5: Click Continue button
[INFO ] [2023-02-27 12:07:03,142] Is checkout step 2 displayed
[INFO ] [2023-02-27 12:07:03,205]  -------------------------- PASSED -------------------------- 
[INFO ] [2023-02-27 12:07:03,205] Step 6: Click Finish button
[INFO ] [2023-02-27 12:07:03,317] Is checkout Complete page displayed
[INFO ] [2023-02-27 12:07:03,378]  -------------------------- PASSED -------------------------- 
[INFO ] [2023-02-27 12:07:42,856] Pre condition: Open Browser: chromeand navigate to url:https://www.saucedemo.com/
[INFO ] [2023-02-27 12:07:46,557] Send key to User Name field
[INFO ] [2023-02-27 12:07:46,920] Send key to Password field
[INFO ] [2023-02-27 12:07:47,130] Click to Login button
[INFO ] [2023-02-27 12:07:47,271] Verify login success through home page title
[INFO ] [2023-02-27 12:07:47,300]  -------------------------- PASSED -------------------------- 
[INFO ] [2023-02-27 12:07:47,301] Send key to User Name field
[INFO ] [2023-02-27 12:07:47,454] Send key to Password field
[INFO ] [2023-02-27 12:07:47,621] Click to Login button
[INFO ] [2023-02-27 12:07:47,725] Verify error message when input Invalid username and valid password
[INFO ] [2023-02-27 12:07:47,752]  -------------------------- PASSED -------------------------- 
[INFO ] [2023-02-27 12:07:47,753] Send key to User Name field
[INFO ] [2023-02-27 12:07:47,918] Send key to Password field
[INFO ] [2023-02-27 12:07:48,085] Click to Login button
[INFO ] [2023-02-27 12:07:48,186] Verify error message when input Valid username and Invalid password
[INFO ] [2023-02-27 12:07:48,220]  -------------------------- PASSED -------------------------- 
[INFO ] [2023-02-27 12:07:48,221] Send key to User Name field
[INFO ] [2023-02-27 12:07:48,396] Send key to Password field
[INFO ] [2023-02-27 12:07:48,558] Click to Login button
[INFO ] [2023-02-27 12:07:48,736] Verify login success through home page title
[INFO ] [2023-02-27 12:07:48,790]  -------------------------- PASSED -------------------------- 
[INFO ] [2023-02-27 12:07:49,554] Pre condition: Open Browser: chromeand navigate to url:https://www.saucedemo.com/
[INFO ] [2023-02-27 12:07:51,562] Login to System
[INFO ] [2023-02-27 12:07:52,329] Select sort from drop down with Name (A to Z)
[INFO ] [2023-02-27 12:07:52,482] Compare the name after sort is equal
[INFO ] [2023-02-27 12:07:52,657]  -------------------------- PASSED -------------------------- 
[INFO ] [2023-02-27 12:07:52,657] Select sort from drop down with Name (Z to A)
[INFO ] [2023-02-27 12:07:52,809] Compare the name after sort is equal
[INFO ] [2023-02-27 12:07:52,895]  -------------------------- PASSED -------------------------- 
[INFO ] [2023-02-27 12:07:52,896] Select sort from drop down with Price (high to low)
[INFO ] [2023-02-27 12:07:53,066] Compare the price after sort is equal
[INFO ] [2023-02-27 12:07:53,198]  -------------------------- PASSED -------------------------- 
[INFO ] [2023-02-27 12:07:53,199] Select sort from drop down with Price (high to low)
[INFO ] [2023-02-27 12:07:53,346] Compare the price after sort is equal
[INFO ] [2023-02-27 12:07:53,442]  -------------------------- PASSED -------------------------- 
[INFO ] [2023-02-27 12:07:54,217] Pre condition: Open Browser: chromeand navigate to url:https://www.saucedemo.com/
[INFO ] [2023-02-27 12:07:56,231] Login to System
[INFO ] [2023-02-27 12:07:56,920] CLick to item Sauce Labs Backpack
[INFO ] [2023-02-27 12:07:57,147] Is quantity increase to 1
[INFO ] [2023-02-27 12:07:57,239]  -------------------------- PASSED -------------------------- 
[INFO ] [2023-02-27 12:07:57,240] CLick to second item Sauce Labs Bike Light
[INFO ] [2023-02-27 12:07:57,355] CLick to third item Sauce Labs Bolt T-Shirt
[INFO ] [2023-02-27 12:07:57,464] Is quantity increase to 3
[INFO ] [2023-02-27 12:07:57,519]  -------------------------- PASSED -------------------------- 
[INFO ] [2023-02-27 12:07:57,520] Remove all selected item added to cart
[INFO ] [2023-02-27 12:07:57,810] Is Cart Quantity displayed
[INFO ] [2023-02-27 12:08:07,858]  -------------------------- PASSED -------------------------- 
[INFO ] [2023-02-27 12:08:08,636] Pre condition: Open Browser: chromeand navigate to url:https://www.saucedemo.com/
[INFO ] [2023-02-27 12:08:10,620] Login to System
[INFO ] [2023-02-27 12:08:11,298] Step 1: Add item Sauce Labs Backpack to cart
[INFO ] [2023-02-27 12:08:11,429]  Step 2: Click to Cart button
[INFO ] [2023-02-27 12:08:11,590] Is Your Card page displayed
[INFO ] [2023-02-27 12:08:11,672]  -------------------------- PASSED -------------------------- 
[INFO ] [2023-02-27 12:08:11,673] Check selected item is displayed in cart
[INFO ] [2023-02-27 12:08:11,762]  -------------------------- PASSED -------------------------- 
[INFO ] [2023-02-27 12:08:11,762] Step 3: Click Checkout button
[INFO ] [2023-02-27 12:08:11,893] Is checkout step 1 displayed
[INFO ] [2023-02-27 12:08:11,960]  -------------------------- PASSED -------------------------- 
[INFO ] [2023-02-27 12:08:11,960] Step 4: Input check out information
[INFO ] [2023-02-27 12:08:12,535] Step 5: Click Continue button
[INFO ] [2023-02-27 12:08:12,682] Is checkout step 2 displayed
[INFO ] [2023-02-27 12:08:12,737]  -------------------------- PASSED -------------------------- 
[INFO ] [2023-02-27 12:08:12,737] Step 6: Click Finish button
[INFO ] [2023-02-27 12:08:12,882] Is checkout Complete page displayed
[INFO ] [2023-02-27 12:08:12,949]  -------------------------- PASSED -------------------------- 
